2025-06-19 15:54:21,834 - INFO - Using device: cpu
2025-06-19 15:54:21,834 - INFO - Loading data...
2025-06-19 15:54:59,415 - INFO - Using device: cpu
2025-06-19 15:54:59,415 - INFO - Loading data...
2025-06-19 15:54:59,498 - INFO - Starting training...
2025-06-19 15:56:07,131 - INFO - Using device: cpu
2025-06-19 15:56:07,131 - INFO - Loading data...
2025-06-19 15:56:07,180 - INFO - Starting training...
2025-06-19 15:56:42,681 - INFO - Using device: cpu
2025-06-19 15:56:42,681 - INFO - Loading data...
2025-06-19 15:56:42,732 - INFO - Starting training...
2025-06-19 15:58:18,258 - INFO - Using device: cpu
2025-06-19 15:58:18,258 - INFO - Loading data...
2025-06-19 15:58:18,272 - INFO - Data dimensions: features=torch.Size([1000, 32]), edge_index=torch.Size([2, 1000])
2025-06-19 15:58:18,274 - INFO - Train data dimensions: edge_index=torch.Size([2, 800])
2025-06-19 15:58:18,275 - INFO - Val data dimensions: edge_index=torch.Size([2, 200])
2025-06-19 15:58:18,308 - INFO - Starting training...
2025-06-19 15:58:20,218 - INFO - Epoch 1/100
2025-06-19 15:58:20,218 - INFO - Train Loss: -100553168.0000
2025-06-19 15:58:20,218 - INFO - Val Loss: -75077504.0000
2025-06-19 15:58:20,218 - INFO - Saved new best model
2025-06-19 15:58:21,587 - INFO - Epoch 2/100
2025-06-19 15:58:21,588 - INFO - Train Loss: -154959616.0000
2025-06-19 15:58:21,588 - INFO - Val Loss: -91710696.0000
2025-06-19 15:58:21,592 - INFO - Saved new best model
2025-06-19 15:58:22,993 - INFO - Epoch 3/100
2025-06-19 15:58:22,993 - INFO - Train Loss: -199978960.0000
2025-06-19 15:58:22,993 - INFO - Val Loss: -150729520.0000
2025-06-19 15:58:22,997 - INFO - Saved new best model
2025-06-19 15:58:24,216 - INFO - Epoch 4/100
2025-06-19 15:58:24,216 - INFO - Train Loss: -241229520.0000
2025-06-19 15:58:24,216 - INFO - Val Loss: -169791120.0000
2025-06-19 15:58:24,218 - INFO - Saved new best model
2025-06-19 15:58:25,390 - INFO - Epoch 5/100
2025-06-19 15:58:25,390 - INFO - Train Loss: -282358560.0000
2025-06-19 15:58:25,390 - INFO - Val Loss: -271009280.0000
2025-06-19 15:58:25,394 - INFO - Saved new best model
2025-06-19 15:58:26,675 - INFO - Epoch 6/100
2025-06-19 15:58:26,675 - INFO - Train Loss: -320676064.0000
2025-06-19 15:58:26,675 - INFO - Val Loss: -110043920.0000
2025-06-19 15:58:28,452 - INFO - Epoch 7/100
2025-06-19 15:58:28,452 - INFO - Train Loss: -362432448.0000
2025-06-19 15:58:28,452 - INFO - Val Loss: -174773216.0000
2025-06-19 15:58:29,890 - INFO - Epoch 8/100
2025-06-19 15:58:29,890 - INFO - Train Loss: -403759968.0000
2025-06-19 15:58:29,890 - INFO - Val Loss: -346649568.0000
2025-06-19 15:58:29,890 - INFO - Saved new best model
2025-06-19 15:58:31,308 - INFO - Epoch 9/100
2025-06-19 15:58:31,308 - INFO - Train Loss: -443922464.0000
2025-06-19 15:58:31,308 - INFO - Val Loss: -530530336.0000
2025-06-19 15:58:31,308 - INFO - Saved new best model
2025-06-19 15:58:32,708 - INFO - Epoch 10/100
2025-06-19 15:58:32,708 - INFO - Train Loss: -485702304.0000
2025-06-19 15:58:32,708 - INFO - Val Loss: -366205376.0000
2025-06-19 15:58:34,174 - INFO - Epoch 11/100
2025-06-19 15:58:34,174 - INFO - Train Loss: -528812704.0000
2025-06-19 15:58:34,174 - INFO - Val Loss: -321853152.0000
2025-06-19 15:58:35,529 - INFO - Epoch 12/100
2025-06-19 15:58:35,529 - INFO - Train Loss: -572979968.0000
2025-06-19 15:58:35,529 - INFO - Val Loss: -379946592.0000
2025-06-19 15:58:36,862 - INFO - Epoch 13/100
2025-06-19 15:58:36,862 - INFO - Train Loss: -617992448.0000
2025-06-19 15:58:36,862 - INFO - Val Loss: -589422464.0000
2025-06-19 15:58:36,872 - INFO - Saved new best model
2025-06-19 15:58:38,221 - INFO - Epoch 14/100
2025-06-19 15:58:38,222 - INFO - Train Loss: -664013184.0000
2025-06-19 15:58:38,222 - INFO - Val Loss: -278087232.0000
2025-06-19 15:58:39,676 - INFO - Epoch 15/100
2025-06-19 15:58:39,676 - INFO - Train Loss: -710641792.0000
2025-06-19 15:58:39,676 - INFO - Val Loss: -807691456.0000
2025-06-19 15:58:39,686 - INFO - Saved new best model
2025-06-19 15:58:41,219 - INFO - Epoch 16/100
2025-06-19 15:58:41,219 - INFO - Train Loss: -758658304.0000
2025-06-19 15:58:41,219 - INFO - Val Loss: -535282016.0000
2025-06-19 15:58:42,540 - INFO - Epoch 17/100
2025-06-19 15:58:42,540 - INFO - Train Loss: -808218112.0000
2025-06-19 15:58:42,540 - INFO - Val Loss: -490491200.0000
2025-06-19 15:58:43,890 - INFO - Epoch 18/100
2025-06-19 15:58:43,890 - INFO - Train Loss: -859525184.0000
2025-06-19 15:58:43,890 - INFO - Val Loss: -931289600.0000
2025-06-19 15:58:43,907 - INFO - Saved new best model
2025-06-19 15:58:45,337 - INFO - Epoch 19/100
2025-06-19 15:58:45,337 - INFO - Train Loss: -912622848.0000
2025-06-19 15:58:45,337 - INFO - Val Loss: -1368879872.0000
2025-06-19 15:58:45,337 - INFO - Saved new best model
2025-06-19 15:58:46,761 - INFO - Epoch 20/100
2025-06-19 15:58:46,761 - INFO - Train Loss: -967156480.0000
2025-06-19 15:58:46,761 - INFO - Val Loss: -1221014016.0000
2025-06-19 15:58:48,140 - INFO - Epoch 21/100
2025-06-19 15:58:48,140 - INFO - Train Loss: -1023718272.0000
2025-06-19 15:58:48,140 - INFO - Val Loss: -953163584.0000
2025-06-19 15:58:49,557 - INFO - Epoch 22/100
2025-06-19 15:58:49,573 - INFO - Train Loss: -1082109312.0000
2025-06-19 15:58:49,574 - INFO - Val Loss: -804279296.0000
2025-06-19 15:58:51,011 - INFO - Epoch 23/100
2025-06-19 15:58:51,012 - INFO - Train Loss: -1142625152.0000
2025-06-19 15:58:51,012 - INFO - Val Loss: -634214080.0000
2025-06-19 15:58:52,419 - INFO - Epoch 24/100
2025-06-19 15:58:52,419 - INFO - Train Loss: -1205277056.0000
2025-06-19 15:58:52,419 - INFO - Val Loss: -440555488.0000
2025-06-19 15:58:53,843 - INFO - Epoch 25/100
2025-06-19 15:58:53,844 - INFO - Train Loss: -1269553280.0000
2025-06-19 15:58:53,845 - INFO - Val Loss: -1588086656.0000
2025-06-19 15:58:53,851 - INFO - Saved new best model
2025-06-19 15:58:55,239 - INFO - Epoch 26/100
2025-06-19 15:58:55,239 - INFO - Train Loss: -1336278144.0000
2025-06-19 15:58:55,240 - INFO - Val Loss: -673220032.0000
2025-06-19 15:58:56,724 - INFO - Epoch 27/100
2025-06-19 15:58:56,724 - INFO - Train Loss: -1405774208.0000
2025-06-19 15:58:56,724 - INFO - Val Loss: -640663872.0000
2025-06-19 15:58:58,190 - INFO - Epoch 28/100
2025-06-19 15:58:58,190 - INFO - Train Loss: -1477426432.0000
2025-06-19 15:58:58,190 - INFO - Val Loss: -1632070912.0000
2025-06-19 15:58:58,200 - INFO - Saved new best model
2025-06-19 15:58:59,657 - INFO - Epoch 29/100
2025-06-19 15:58:59,657 - INFO - Train Loss: -1551326208.0000
2025-06-19 15:58:59,657 - INFO - Val Loss: -1212357120.0000
2025-06-19 15:59:01,111 - INFO - Epoch 30/100
2025-06-19 15:59:01,111 - INFO - Train Loss: -1628413568.0000
2025-06-19 15:59:01,111 - INFO - Val Loss: -1345533440.0000
2025-06-19 15:59:02,640 - INFO - Epoch 31/100
2025-06-19 15:59:02,640 - INFO - Train Loss: -1707939200.0000
2025-06-19 15:59:02,640 - INFO - Val Loss: -1721800832.0000
2025-06-19 15:59:02,654 - INFO - Saved new best model
2025-06-19 15:59:04,056 - INFO - Epoch 32/100
2025-06-19 15:59:04,056 - INFO - Train Loss: -1790179456.0000
2025-06-19 15:59:04,056 - INFO - Val Loss: -1059887808.0000
2025-06-19 15:59:05,515 - INFO - Epoch 33/100
2025-06-19 15:59:05,523 - INFO - Train Loss: -1876056448.0000
2025-06-19 15:59:05,524 - INFO - Val Loss: -751082112.0000
2025-06-19 15:59:06,973 - INFO - Epoch 34/100
2025-06-19 15:59:06,973 - INFO - Train Loss: -1966120320.0000
2025-06-19 15:59:06,973 - INFO - Val Loss: -423236320.0000
2025-06-19 15:59:08,523 - INFO - Epoch 35/100
2025-06-19 15:59:08,523 - INFO - Train Loss: -2058274560.0000
2025-06-19 15:59:08,523 - INFO - Val Loss: -1768553856.0000
2025-06-19 15:59:08,523 - INFO - Saved new best model
2025-06-19 15:59:10,024 - INFO - Epoch 36/100
2025-06-19 15:59:10,024 - INFO - Train Loss: -2153999104.0000
2025-06-19 15:59:10,024 - INFO - Val Loss: -1445812352.0000
2025-06-19 15:59:11,526 - INFO - Epoch 37/100
2025-06-19 15:59:11,526 - INFO - Train Loss: -2253076480.0000
2025-06-19 15:59:11,526 - INFO - Val Loss: -2128044672.0000
2025-06-19 15:59:11,539 - INFO - Saved new best model
2025-06-19 15:59:13,090 - INFO - Epoch 38/100
2025-06-19 15:59:13,090 - INFO - Train Loss: -2356274432.0000
2025-06-19 15:59:13,090 - INFO - Val Loss: -261697616.0000
2025-06-19 15:59:14,621 - INFO - Epoch 39/100
2025-06-19 15:59:14,622 - INFO - Train Loss: -2463186944.0000
2025-06-19 15:59:14,622 - INFO - Val Loss: -1854379392.0000
2025-06-19 15:59:16,105 - INFO - Epoch 40/100
2025-06-19 15:59:16,106 - INFO - Train Loss: -2573828864.0000
2025-06-19 15:59:16,107 - INFO - Val Loss: -3111648512.0000
2025-06-19 15:59:16,107 - INFO - Saved new best model
2025-06-19 15:59:17,524 - INFO - Epoch 41/100
2025-06-19 15:59:17,524 - INFO - Train Loss: -2688871936.0000
2025-06-19 15:59:17,524 - INFO - Val Loss: -1519137280.0000
2025-06-19 15:59:19,042 - INFO - Epoch 42/100
2025-06-19 15:59:19,042 - INFO - Train Loss: -2808097280.0000
2025-06-19 15:59:19,043 - INFO - Val Loss: -2984466176.0000
2025-06-19 15:59:20,664 - INFO - Epoch 43/100
2025-06-19 15:59:20,664 - INFO - Train Loss: -2932118016.0000
2025-06-19 15:59:20,673 - INFO - Val Loss: -2972306432.0000
2025-06-19 15:59:22,301 - INFO - Epoch 44/100
2025-06-19 15:59:22,301 - INFO - Train Loss: -3057883648.0000
2025-06-19 15:59:22,302 - INFO - Val Loss: -985555840.0000
2025-06-19 15:59:23,875 - INFO - Epoch 45/100
2025-06-19 15:59:23,875 - INFO - Train Loss: -3191429120.0000
2025-06-19 15:59:23,876 - INFO - Val Loss: -2197150208.0000
2025-06-19 15:59:25,617 - INFO - Epoch 46/100
2025-06-19 15:59:25,623 - INFO - Train Loss: -3329695488.0000
2025-06-19 15:59:25,623 - INFO - Val Loss: -1533865088.0000
2025-06-19 15:59:27,107 - INFO - Epoch 47/100
2025-06-19 15:59:27,107 - INFO - Train Loss: -3471066368.0000
2025-06-19 15:59:27,107 - INFO - Val Loss: -1752039680.0000
2025-06-19 15:59:28,690 - INFO - Epoch 48/100
2025-06-19 15:59:28,690 - INFO - Train Loss: -3618918912.0000
2025-06-19 15:59:28,690 - INFO - Val Loss: -3808584960.0000
2025-06-19 15:59:28,690 - INFO - Saved new best model
2025-06-19 15:59:30,424 - INFO - Epoch 49/100
2025-06-19 15:59:30,424 - INFO - Train Loss: -3773194496.0000
2025-06-19 15:59:30,424 - INFO - Val Loss: -4125289728.0000
2025-06-19 15:59:30,424 - INFO - Saved new best model
2025-06-19 15:59:32,307 - INFO - Epoch 50/100
2025-06-19 15:59:32,307 - INFO - Train Loss: -3931237632.0000
2025-06-19 15:59:32,307 - INFO - Val Loss: -1025795904.0000
2025-06-19 15:59:33,760 - INFO - Epoch 51/100
2025-06-19 15:59:33,760 - INFO - Train Loss: -4093701120.0000
2025-06-19 15:59:33,760 - INFO - Val Loss: -4636106240.0000
2025-06-19 15:59:33,765 - INFO - Saved new best model
2025-06-19 15:59:35,290 - INFO - Epoch 52/100
2025-06-19 15:59:35,290 - INFO - Train Loss: -4264677376.0000
2025-06-19 15:59:35,290 - INFO - Val Loss: -2114099072.0000
2025-06-19 15:59:36,890 - INFO - Epoch 53/100
2025-06-19 15:59:36,890 - INFO - Train Loss: -4440697344.0000
2025-06-19 15:59:36,890 - INFO - Val Loss: -2826261248.0000
2025-06-19 15:59:38,407 - INFO - Epoch 54/100
2025-06-19 15:59:38,407 - INFO - Train Loss: -4621300224.0000
2025-06-19 15:59:38,407 - INFO - Val Loss: -2935138560.0000
2025-06-19 15:59:39,836 - INFO - Epoch 55/100
2025-06-19 15:59:39,836 - INFO - Train Loss: -4809840128.0000
2025-06-19 15:59:39,836 - INFO - Val Loss: -3276094720.0000
2025-06-19 15:59:41,304 - INFO - Epoch 56/100
2025-06-19 15:59:41,304 - INFO - Train Loss: -5005082112.0000
2025-06-19 15:59:41,304 - INFO - Val Loss: -2023618304.0000
2025-06-19 15:59:42,893 - INFO - Epoch 57/100
2025-06-19 15:59:42,893 - INFO - Train Loss: -5208692736.0000
2025-06-19 15:59:42,893 - INFO - Val Loss: -2547027712.0000
2025-06-19 15:59:44,425 - INFO - Epoch 58/100
2025-06-19 15:59:44,425 - INFO - Train Loss: -5419751936.0000
2025-06-19 15:59:44,425 - INFO - Val Loss: -3881959680.0000
2025-06-19 15:59:45,840 - INFO - Epoch 59/100
2025-06-19 15:59:45,855 - INFO - Train Loss: -5635995136.0000
2025-06-19 15:59:45,855 - INFO - Val Loss: -4536141312.0000
2025-06-19 15:59:47,265 - INFO - Epoch 60/100
2025-06-19 15:59:47,265 - INFO - Train Loss: -5860288512.0000
2025-06-19 15:59:47,265 - INFO - Val Loss: -7109627904.0000
2025-06-19 15:59:47,265 - INFO - Saved new best model
2025-06-19 15:59:48,874 - INFO - Epoch 61/100
2025-06-19 15:59:48,874 - INFO - Train Loss: -6092225024.0000
2025-06-19 15:59:48,874 - INFO - Val Loss: -3475023616.0000
2025-06-19 15:59:50,413 - INFO - Epoch 62/100
2025-06-19 15:59:50,413 - INFO - Train Loss: -6331526656.0000
2025-06-19 15:59:50,413 - INFO - Val Loss: -4252653056.0000
2025-06-19 15:59:51,840 - INFO - Epoch 63/100
2025-06-19 15:59:51,840 - INFO - Train Loss: -6579173376.0000
2025-06-19 15:59:51,840 - INFO - Val Loss: -4425193472.0000
2025-06-19 15:59:53,381 - INFO - Epoch 64/100
2025-06-19 15:59:53,381 - INFO - Train Loss: -6833211392.0000
2025-06-19 15:59:53,381 - INFO - Val Loss: -2422843648.0000
2025-06-19 15:59:54,907 - INFO - Epoch 65/100
2025-06-19 15:59:54,907 - INFO - Train Loss: -7098095104.0000
2025-06-19 15:59:54,907 - INFO - Val Loss: -1848486784.0000
2025-06-19 15:59:56,356 - INFO - Epoch 66/100
2025-06-19 15:59:56,356 - INFO - Train Loss: -7371791872.0000
2025-06-19 15:59:56,356 - INFO - Val Loss: -6233729024.0000
2025-06-19 15:59:57,897 - INFO - Epoch 67/100
2025-06-19 15:59:57,897 - INFO - Train Loss: -7654817792.0000
2025-06-19 15:59:57,897 - INFO - Val Loss: -6835134464.0000
2025-06-19 15:59:59,406 - INFO - Epoch 68/100
2025-06-19 15:59:59,406 - INFO - Train Loss: -7945765888.0000
2025-06-19 15:59:59,406 - INFO - Val Loss: -2721302272.0000
2025-06-19 16:00:00,924 - INFO - Epoch 69/100
2025-06-19 16:00:00,929 - INFO - Train Loss: -8246752256.0000
2025-06-19 16:00:00,929 - INFO - Val Loss: -6636583424.0000
2025-06-19 16:00:02,573 - INFO - Epoch 70/100
2025-06-19 16:00:02,574 - INFO - Train Loss: -8560350720.0000
2025-06-19 16:00:02,575 - INFO - Val Loss: -8045191680.0000
2025-06-19 16:00:02,581 - INFO - Saved new best model
2025-06-19 16:00:04,179 - INFO - Epoch 71/100
2025-06-19 16:00:04,179 - INFO - Train Loss: -8882215936.0000
2025-06-19 16:00:04,179 - INFO - Val Loss: -5177442816.0000
2025-06-19 16:00:05,773 - INFO - Epoch 72/100
2025-06-19 16:00:05,773 - INFO - Train Loss: -9212512256.0000
2025-06-19 16:00:05,773 - INFO - Val Loss: -7444352512.0000
2025-06-19 16:00:07,318 - INFO - Epoch 73/100
2025-06-19 16:00:07,319 - INFO - Train Loss: -9554401280.0000
2025-06-19 16:00:07,319 - INFO - Val Loss: -11218767872.0000
2025-06-19 16:00:07,319 - INFO - Saved new best model
2025-06-19 16:00:08,852 - INFO - Epoch 74/100
2025-06-19 16:00:08,853 - INFO - Train Loss: -9906540544.0000
2025-06-19 16:00:08,853 - INFO - Val Loss: -5263361536.0000
2025-06-19 16:00:10,464 - INFO - Epoch 75/100
2025-06-19 16:00:10,465 - INFO - Train Loss: -10267164672.0000
2025-06-19 16:00:10,465 - INFO - Val Loss: -5944233984.0000
2025-06-19 16:00:11,956 - INFO - Epoch 76/100
2025-06-19 16:00:11,956 - INFO - Train Loss: -10640617472.0000
2025-06-19 16:00:11,956 - INFO - Val Loss: -6627458048.0000
2025-06-19 16:00:13,382 - INFO - Epoch 77/100
2025-06-19 16:00:13,382 - INFO - Train Loss: -11025083392.0000
2025-06-19 16:00:13,382 - INFO - Val Loss: -3350070272.0000
2025-06-19 16:00:14,923 - INFO - Epoch 78/100
2025-06-19 16:00:14,923 - INFO - Train Loss: -11420739584.0000
2025-06-19 16:00:14,923 - INFO - Val Loss: -8185135616.0000
2025-06-19 16:00:16,606 - INFO - Epoch 79/100
2025-06-19 16:00:16,606 - INFO - Train Loss: -11828158464.0000
2025-06-19 16:00:16,606 - INFO - Val Loss: -10629173248.0000
2025-06-19 16:00:18,106 - INFO - Epoch 80/100
2025-06-19 16:00:18,106 - INFO - Train Loss: -12248773632.0000
2025-06-19 16:00:18,106 - INFO - Val Loss: -6021960192.0000
2025-06-19 16:00:19,735 - INFO - Epoch 81/100
2025-06-19 16:00:19,736 - INFO - Train Loss: -12679449600.0000
2025-06-19 16:00:19,736 - INFO - Val Loss: -5739750400.0000
2025-06-19 16:00:21,277 - INFO - Epoch 82/100
2025-06-19 16:00:21,278 - INFO - Train Loss: -13124743168.0000
2025-06-19 16:00:21,279 - INFO - Val Loss: -11311965184.0000
2025-06-19 16:00:21,283 - INFO - Saved new best model
2025-06-19 16:00:22,844 - INFO - Epoch 83/100
2025-06-19 16:00:22,844 - INFO - Train Loss: -13582178304.0000
2025-06-19 16:00:22,845 - INFO - Val Loss: -6739496448.0000
2025-06-19 16:00:24,540 - INFO - Epoch 84/100
2025-06-19 16:00:24,540 - INFO - Train Loss: -14053775360.0000
2025-06-19 16:00:24,540 - INFO - Val Loss: -12070521856.0000
2025-06-19 16:00:24,556 - INFO - Saved new best model
2025-06-19 16:00:26,095 - INFO - Epoch 85/100
2025-06-19 16:00:26,095 - INFO - Train Loss: -14540385280.0000
2025-06-19 16:00:26,095 - INFO - Val Loss: -14445867008.0000
2025-06-19 16:00:26,107 - INFO - Saved new best model
2025-06-19 16:00:27,723 - INFO - Epoch 86/100
2025-06-19 16:00:27,723 - INFO - Train Loss: -15040470016.0000
2025-06-19 16:00:27,724 - INFO - Val Loss: -11492617216.0000
2025-06-19 16:00:29,689 - INFO - Epoch 87/100
2025-06-19 16:00:29,689 - INFO - Train Loss: -15555112960.0000
2025-06-19 16:00:29,689 - INFO - Val Loss: -18271389696.0000
2025-06-19 16:00:29,689 - INFO - Saved new best model
2025-06-19 16:00:31,544 - INFO - Epoch 88/100
2025-06-19 16:00:31,544 - INFO - Train Loss: -16084432896.0000
2025-06-19 16:00:31,544 - INFO - Val Loss: -15221799936.0000
2025-06-19 16:00:33,056 - INFO - Epoch 89/100
2025-06-19 16:00:33,056 - INFO - Train Loss: -16629434368.0000
2025-06-19 16:00:33,056 - INFO - Val Loss: -11929994240.0000
2025-06-19 16:00:34,784 - INFO - Epoch 90/100
2025-06-19 16:00:34,785 - INFO - Train Loss: -17188231168.0000
2025-06-19 16:00:34,785 - INFO - Val Loss: -13910416384.0000
2025-06-19 16:00:36,327 - INFO - Epoch 91/100
2025-06-19 16:00:36,328 - INFO - Train Loss: -17764816896.0000
2025-06-19 16:00:36,329 - INFO - Val Loss: -14425551872.0000
2025-06-19 16:00:37,902 - INFO - Epoch 92/100
2025-06-19 16:00:37,902 - INFO - Train Loss: -18358296576.0000
2025-06-19 16:00:37,902 - INFO - Val Loss: -16666781696.0000
2025-06-19 16:00:39,506 - INFO - Epoch 93/100
2025-06-19 16:00:39,506 - INFO - Train Loss: -18969473024.0000
2025-06-19 16:00:39,506 - INFO - Val Loss: -15616589824.0000
2025-06-19 16:00:41,086 - INFO - Epoch 94/100
2025-06-19 16:00:41,086 - INFO - Train Loss: -19591315456.0000
2025-06-19 16:00:41,086 - INFO - Val Loss: -12678253568.0000
2025-06-19 16:00:42,634 - INFO - Epoch 95/100
2025-06-19 16:00:42,634 - INFO - Train Loss: -20223944704.0000
2025-06-19 16:00:42,634 - INFO - Val Loss: -17745500160.0000
2025-06-19 16:00:44,106 - INFO - Epoch 96/100
2025-06-19 16:00:44,106 - INFO - Train Loss: -20875122688.0000
2025-06-19 16:00:44,106 - INFO - Val Loss: -14505906176.0000
2025-06-19 16:00:45,689 - INFO - Epoch 97/100
2025-06-19 16:00:45,689 - INFO - Train Loss: -21555879936.0000
2025-06-19 16:00:45,689 - INFO - Val Loss: -24709779456.0000
2025-06-19 16:00:45,689 - INFO - Saved new best model
2025-06-19 16:00:47,189 - INFO - Epoch 98/100
2025-06-19 16:00:47,189 - INFO - Train Loss: -22256259072.0000
2025-06-19 16:00:47,189 - INFO - Val Loss: -20252932096.0000
2025-06-19 16:00:48,756 - INFO - Epoch 99/100
2025-06-19 16:00:48,756 - INFO - Train Loss: -22967326720.0000
2025-06-19 16:00:48,756 - INFO - Val Loss: -11347544064.0000
2025-06-19 16:00:50,239 - INFO - Epoch 100/100
2025-06-19 16:00:50,255 - INFO - Train Loss: -23686752256.0000
2025-06-19 16:00:50,255 - INFO - Val Loss: -6382578176.0000
2025-06-19 16:00:50,255 - INFO - Training completed!
2025-06-19 16:01:37,986 - INFO - Using device: cpu
2025-06-19 16:01:37,986 - INFO - Loading data...
2025-06-19 16:01:38,003 - INFO - Data dimensions: features=torch.Size([1000, 32]), edge_index=torch.Size([2, 1000])
2025-06-19 16:01:38,005 - INFO - Train data dimensions: edge_index=torch.Size([2, 800])
2025-06-19 16:01:38,005 - INFO - Val data dimensions: edge_index=torch.Size([2, 200])
2025-06-19 16:01:38,026 - INFO - Starting training...
2025-06-19 16:01:39,014 - INFO - Epoch 1/100
2025-06-19 16:01:39,014 - INFO - Train Loss: inf
2025-06-19 16:01:39,014 - INFO - Val Loss: nan
2025-06-19 16:01:40,056 - INFO - Epoch 2/100
2025-06-19 16:01:40,056 - INFO - Train Loss: nan
2025-06-19 16:01:40,056 - INFO - Val Loss: nan
2025-06-19 16:01:41,105 - INFO - Epoch 3/100
2025-06-19 16:01:41,105 - INFO - Train Loss: nan
2025-06-19 16:01:41,105 - INFO - Val Loss: nan
2025-06-19 16:01:42,221 - INFO - Epoch 4/100
2025-06-19 16:01:42,221 - INFO - Train Loss: nan
2025-06-19 16:01:42,222 - INFO - Val Loss: nan
2025-06-19 16:01:43,758 - INFO - Epoch 5/100
2025-06-19 16:01:43,758 - INFO - Train Loss: nan
2025-06-19 16:01:43,758 - INFO - Val Loss: nan
2025-06-19 16:01:45,196 - INFO - Epoch 6/100
2025-06-19 16:01:45,196 - INFO - Train Loss: nan
2025-06-19 16:01:45,196 - INFO - Val Loss: nan
2025-06-19 16:01:46,722 - INFO - Epoch 7/100
2025-06-19 16:01:46,722 - INFO - Train Loss: nan
2025-06-19 16:01:46,722 - INFO - Val Loss: nan
2025-06-19 16:01:48,194 - INFO - Epoch 8/100
2025-06-19 16:01:48,194 - INFO - Train Loss: nan
2025-06-19 16:01:48,194 - INFO - Val Loss: nan
2025-06-19 16:01:49,819 - INFO - Epoch 9/100
2025-06-19 16:01:49,819 - INFO - Train Loss: nan
2025-06-19 16:01:49,821 - INFO - Val Loss: nan
2025-06-19 16:01:51,323 - INFO - Epoch 10/100
2025-06-19 16:01:51,323 - INFO - Train Loss: nan
2025-06-19 16:01:51,323 - INFO - Val Loss: nan
2025-06-19 16:01:51,323 - INFO - Early stopping triggered
2025-06-19 16:01:51,323 - INFO - Training completed!
2025-06-19 16:03:43,776 - INFO - Using device: cpu
2025-06-19 16:03:43,777 - INFO - Loading data...
2025-06-19 16:03:43,786 - INFO - Data dimensions: features=torch.Size([1000, 32]), edge_index=torch.Size([2, 1000])
2025-06-19 16:03:43,786 - INFO - Train data dimensions: edge_index=torch.Size([2, 800])
2025-06-19 16:03:43,786 - INFO - Val data dimensions: edge_index=torch.Size([2, 200])
2025-06-19 16:03:43,825 - INFO - Starting training...
2025-06-19 16:03:44,846 - INFO - Epoch 1/100
2025-06-19 16:03:44,846 - INFO - Train Loss: 1.8276
2025-06-19 16:03:44,846 - INFO - Val Loss: 1.1180
2025-06-19 16:03:44,853 - INFO - Saved new best model
2025-06-19 16:03:45,877 - INFO - Epoch 2/100
2025-06-19 16:03:45,878 - INFO - Train Loss: 1.8262
2025-06-19 16:03:45,879 - INFO - Val Loss: 1.1196
2025-06-19 16:03:46,963 - INFO - Epoch 3/100
2025-06-19 16:03:46,963 - INFO - Train Loss: 1.8250
2025-06-19 16:03:46,963 - INFO - Val Loss: 1.1222
2025-06-19 16:03:47,955 - INFO - Epoch 4/100
2025-06-19 16:03:47,955 - INFO - Train Loss: 1.8240
2025-06-19 16:03:47,955 - INFO - Val Loss: 1.1189
2025-06-19 16:03:49,327 - INFO - Epoch 5/100
2025-06-19 16:03:49,327 - INFO - Train Loss: 1.8232
2025-06-19 16:03:49,327 - INFO - Val Loss: 1.1151
2025-06-19 16:03:49,327 - INFO - Saved new best model
2025-06-19 16:03:50,846 - INFO - Epoch 6/100
2025-06-19 16:03:50,847 - INFO - Train Loss: 1.8225
2025-06-19 16:03:50,847 - INFO - Val Loss: 1.1166
2025-06-19 16:03:52,394 - INFO - Epoch 7/100
2025-06-19 16:03:52,394 - INFO - Train Loss: 1.8220
2025-06-19 16:03:52,394 - INFO - Val Loss: 1.1155
2025-06-19 16:03:53,958 - INFO - Epoch 8/100
2025-06-19 16:03:53,958 - INFO - Train Loss: 1.8216
2025-06-19 16:03:53,958 - INFO - Val Loss: 1.1103
2025-06-19 16:03:53,966 - INFO - Saved new best model
2025-06-19 16:03:55,471 - INFO - Epoch 9/100
2025-06-19 16:03:55,471 - INFO - Train Loss: 1.8214
2025-06-19 16:03:55,471 - INFO - Val Loss: 1.1199
2025-06-19 16:03:56,938 - INFO - Epoch 10/100
2025-06-19 16:03:56,938 - INFO - Train Loss: 1.8212
2025-06-19 16:03:56,938 - INFO - Val Loss: 1.1091
2025-06-19 16:03:56,955 - INFO - Saved new best model
2025-06-19 16:03:58,482 - INFO - Epoch 11/100
2025-06-19 16:03:58,482 - INFO - Train Loss: 1.8211
2025-06-19 16:03:58,483 - INFO - Val Loss: 1.1119
2025-06-19 16:04:00,004 - INFO - Epoch 12/100
2025-06-19 16:04:00,004 - INFO - Train Loss: 1.8210
2025-06-19 16:04:00,004 - INFO - Val Loss: 1.1162
2025-06-19 16:04:01,540 - INFO - Epoch 13/100
2025-06-19 16:04:01,540 - INFO - Train Loss: 1.8209
2025-06-19 16:04:01,540 - INFO - Val Loss: 1.1116
2025-06-19 16:04:02,987 - INFO - Epoch 14/100
2025-06-19 16:04:02,987 - INFO - Train Loss: 1.8208
2025-06-19 16:04:02,987 - INFO - Val Loss: 1.1171
2025-06-19 16:04:04,545 - INFO - Epoch 15/100
2025-06-19 16:04:04,546 - INFO - Train Loss: 1.8207
2025-06-19 16:04:04,546 - INFO - Val Loss: 1.1144
2025-06-19 16:04:05,991 - INFO - Epoch 16/100
2025-06-19 16:04:05,992 - INFO - Train Loss: 1.8205
2025-06-19 16:04:05,992 - INFO - Val Loss: 1.1156
2025-06-19 16:04:07,371 - INFO - Epoch 17/100
2025-06-19 16:04:07,371 - INFO - Train Loss: 1.8204
2025-06-19 16:04:07,371 - INFO - Val Loss: 1.1217
2025-06-19 16:04:08,914 - INFO - Epoch 18/100
2025-06-19 16:04:08,914 - INFO - Train Loss: 1.8202
2025-06-19 16:04:08,914 - INFO - Val Loss: 1.1127
2025-06-19 16:04:10,354 - INFO - Epoch 19/100
2025-06-19 16:04:10,354 - INFO - Train Loss: 1.8200
2025-06-19 16:04:10,369 - INFO - Val Loss: 1.1157
2025-06-19 16:04:11,878 - INFO - Epoch 20/100
2025-06-19 16:04:11,878 - INFO - Train Loss: 1.8197
2025-06-19 16:04:11,878 - INFO - Val Loss: 1.1196
2025-06-19 16:04:11,878 - INFO - Early stopping triggered
2025-06-19 16:04:11,878 - INFO - Training completed!
2025-06-19 16:04:43,279 - INFO - Using device: cpu
2025-06-19 16:04:43,280 - INFO - Loading data...
2025-06-19 16:04:43,295 - INFO - Data dimensions: features=torch.Size([1000, 32]), edge_index=torch.Size([2, 1000])
2025-06-19 16:04:43,295 - INFO - Train data dimensions: edge_index=torch.Size([2, 800])
2025-06-19 16:04:43,297 - INFO - Val data dimensions: edge_index=torch.Size([2, 200])
2025-06-19 16:04:43,330 - INFO - Starting training...
2025-06-19 16:05:13,587 - INFO - Using device: cpu
2025-06-19 16:05:13,590 - INFO - Loading data...
2025-06-19 16:05:13,606 - INFO - Data dimensions: features=torch.Size([1000, 32]), edge_index=torch.Size([2, 1000])
2025-06-19 16:05:13,607 - INFO - Train data dimensions: edge_index=torch.Size([2, 800])
2025-06-19 16:05:13,607 - INFO - Val data dimensions: edge_index=torch.Size([2, 200])
2025-06-19 16:05:13,641 - INFO - Starting training...
2025-06-19 16:05:26,727 - INFO - Epoch 1/100
2025-06-19 16:05:26,730 - INFO - Train Loss: 1.8924
2025-06-19 16:05:26,730 - INFO - Val Loss: 1.1195
2025-06-19 16:05:26,759 - INFO - Saved new best model
2025-06-19 16:05:32,719 - INFO - Epoch 2/100
2025-06-19 16:05:32,734 - INFO - Train Loss: 1.8918
2025-06-19 16:05:32,734 - INFO - Val Loss: 1.1184
2025-06-19 16:05:32,734 - INFO - Saved new best model
2025-06-19 16:05:37,309 - INFO - Epoch 3/100
2025-06-19 16:05:37,309 - INFO - Train Loss: 1.8911
2025-06-19 16:05:37,309 - INFO - Val Loss: 1.1179
2025-06-19 16:05:37,320 - INFO - Saved new best model
2025-06-19 16:05:41,548 - INFO - Epoch 4/100
2025-06-19 16:05:41,548 - INFO - Train Loss: 1.8914
2025-06-19 16:05:41,549 - INFO - Val Loss: 1.1164
2025-06-19 16:05:41,553 - INFO - Saved new best model
2025-06-19 16:05:45,695 - INFO - Epoch 5/100
2025-06-19 16:05:45,695 - INFO - Train Loss: 1.8904
2025-06-19 16:05:45,702 - INFO - Val Loss: 1.1171
2025-06-19 16:05:49,930 - INFO - Epoch 6/100
2025-06-19 16:05:49,935 - INFO - Train Loss: 1.8903
2025-06-19 16:05:49,935 - INFO - Val Loss: 1.1152
2025-06-19 16:05:49,944 - INFO - Saved new best model
2025-06-19 16:05:54,303 - INFO - Epoch 7/100
2025-06-19 16:05:54,303 - INFO - Train Loss: 1.8898
2025-06-19 16:05:54,303 - INFO - Val Loss: 1.1169
2025-06-19 16:05:58,353 - INFO - Epoch 8/100
2025-06-19 16:05:58,353 - INFO - Train Loss: 1.8894
2025-06-19 16:05:58,353 - INFO - Val Loss: 1.1143
2025-06-19 16:05:58,375 - INFO - Saved new best model
2025-06-19 16:06:02,512 - INFO - Epoch 9/100
2025-06-19 16:06:02,512 - INFO - Train Loss: 1.8898
2025-06-19 16:06:02,512 - INFO - Val Loss: 1.1166
2025-06-19 16:06:06,510 - INFO - Epoch 10/100
2025-06-19 16:06:06,510 - INFO - Train Loss: 1.8891
2025-06-19 16:06:06,510 - INFO - Val Loss: 1.1172
2025-06-19 16:06:10,456 - INFO - Epoch 11/100
2025-06-19 16:06:10,456 - INFO - Train Loss: 1.8897
2025-06-19 16:06:10,456 - INFO - Val Loss: 1.1136
2025-06-19 16:06:10,456 - INFO - Saved new best model
2025-06-19 16:06:14,683 - INFO - Epoch 12/100
2025-06-19 16:06:14,684 - INFO - Train Loss: 1.8893
2025-06-19 16:06:14,684 - INFO - Val Loss: 1.1164
2025-06-19 16:06:18,537 - INFO - Epoch 13/100
2025-06-19 16:06:18,552 - INFO - Train Loss: 1.8894
2025-06-19 16:06:18,553 - INFO - Val Loss: 1.1143
2025-06-19 16:06:22,603 - INFO - Epoch 14/100
2025-06-19 16:06:22,619 - INFO - Train Loss: 1.8889
2025-06-19 16:06:22,619 - INFO - Val Loss: 1.1149
2025-06-19 16:06:26,470 - INFO - Epoch 15/100
2025-06-19 16:06:26,470 - INFO - Train Loss: 1.8890
2025-06-19 16:06:26,470 - INFO - Val Loss: 1.1164
2025-06-19 16:06:29,901 - INFO - Epoch 16/100
2025-06-19 16:06:29,901 - INFO - Train Loss: 1.8884
2025-06-19 16:06:29,902 - INFO - Val Loss: 1.1208
2025-06-19 16:06:34,194 - INFO - Epoch 17/100
2025-06-19 16:06:34,194 - INFO - Train Loss: 1.8879
2025-06-19 16:06:34,194 - INFO - Val Loss: 1.1168
2025-06-19 16:06:38,032 - INFO - Epoch 18/100
2025-06-19 16:06:38,032 - INFO - Train Loss: 1.8874
2025-06-19 16:06:38,032 - INFO - Val Loss: 1.1174
2025-06-19 16:06:41,967 - INFO - Epoch 19/100
2025-06-19 16:06:41,969 - INFO - Train Loss: 1.8871
2025-06-19 16:06:41,969 - INFO - Val Loss: 1.1169
2025-06-19 16:06:46,290 - INFO - Epoch 20/100
2025-06-19 16:06:46,292 - INFO - Train Loss: 1.8873
2025-06-19 16:06:46,292 - INFO - Val Loss: 1.1168
2025-06-19 16:06:50,165 - INFO - Epoch 21/100
2025-06-19 16:06:50,165 - INFO - Train Loss: 1.8871
2025-06-19 16:06:50,165 - INFO - Val Loss: 1.1184
2025-06-19 16:06:50,165 - INFO - Early stopping triggered
2025-06-19 16:06:50,169 - INFO - Training completed!
2025-06-19 16:52:50,925 - INFO - Using device: cpu
2025-06-19 16:52:50,925 - INFO - Loading data...
2025-06-19 16:52:50,941 - INFO - Data dimensions: features=torch.Size([1000, 32]), edge_index=torch.Size([2, 1000])
2025-06-19 16:52:50,960 - INFO - Train data dimensions: edge_index=torch.Size([2, 800])
2025-06-19 16:52:50,960 - INFO - Val data dimensions: edge_index=torch.Size([2, 200])
2025-06-19 16:52:50,964 - INFO - Initializing model...
2025-06-19 16:52:50,999 - INFO - Starting training...
2025-06-19 16:53:04,069 - INFO - Epoch 1/100
2025-06-19 16:53:04,081 - INFO - Train Loss: 1.8922
2025-06-19 16:53:04,081 - INFO - Val Loss: 1.1220
2025-06-19 16:53:04,121 - INFO - Saved new best model
2025-06-19 16:53:12,326 - INFO - Epoch 2/100
2025-06-19 16:53:12,326 - INFO - Train Loss: 1.8915
2025-06-19 16:53:12,326 - INFO - Val Loss: 1.1201
2025-06-19 16:53:12,348 - INFO - Saved new best model
2025-06-19 16:53:15,540 - INFO - Epoch 3/100
2025-06-19 16:53:15,540 - INFO - Train Loss: 1.8908
2025-06-19 16:53:15,540 - INFO - Val Loss: 1.1215
2025-06-19 16:53:18,467 - INFO - Epoch 4/100
2025-06-19 16:53:18,468 - INFO - Train Loss: 1.8910
2025-06-19 16:53:18,468 - INFO - Val Loss: 1.1176
2025-06-19 16:53:18,472 - INFO - Saved new best model
2025-06-19 16:53:21,346 - INFO - Epoch 5/100
2025-06-19 16:53:21,346 - INFO - Train Loss: 1.8903
2025-06-19 16:53:21,346 - INFO - Val Loss: 1.1166
2025-06-19 16:53:21,352 - INFO - Saved new best model
2025-06-19 16:53:24,330 - INFO - Epoch 6/100
2025-06-19 16:53:24,330 - INFO - Train Loss: 1.8901
2025-06-19 16:53:24,330 - INFO - Val Loss: 1.1190
2025-06-19 16:53:27,288 - INFO - Epoch 7/100
2025-06-19 16:53:27,288 - INFO - Train Loss: 1.8894
2025-06-19 16:53:27,288 - INFO - Val Loss: 1.1182
2025-06-19 16:53:30,184 - INFO - Epoch 8/100
2025-06-19 16:53:30,184 - INFO - Train Loss: 1.8902
2025-06-19 16:53:30,184 - INFO - Val Loss: 1.1187
2025-06-19 16:53:33,039 - INFO - Epoch 9/100
2025-06-19 16:53:33,040 - INFO - Train Loss: 1.8905
2025-06-19 16:53:33,040 - INFO - Val Loss: 1.1186
2025-06-19 16:53:35,911 - INFO - Epoch 10/100
2025-06-19 16:53:35,911 - INFO - Train Loss: 1.8894
2025-06-19 16:53:35,911 - INFO - Val Loss: 1.1220
2025-06-19 16:53:38,821 - INFO - Epoch 11/100
2025-06-19 16:53:38,821 - INFO - Train Loss: 1.8897
2025-06-19 16:53:38,821 - INFO - Val Loss: 1.1218
2025-06-19 16:53:41,600 - INFO - Epoch 12/100
2025-06-19 16:53:41,600 - INFO - Train Loss: 1.8900
2025-06-19 16:53:41,600 - INFO - Val Loss: 1.1192
2025-06-19 16:53:44,488 - INFO - Epoch 13/100
2025-06-19 16:53:44,488 - INFO - Train Loss: 1.8895
2025-06-19 16:53:44,488 - INFO - Val Loss: 1.1227
2025-06-19 16:53:47,288 - INFO - Epoch 14/100
2025-06-19 16:53:47,288 - INFO - Train Loss: 1.8891
2025-06-19 16:53:47,288 - INFO - Val Loss: 1.1184
2025-06-19 16:53:50,168 - INFO - Epoch 15/100
2025-06-19 16:53:50,168 - INFO - Train Loss: 1.8890
2025-06-19 16:53:50,168 - INFO - Val Loss: 1.1219
2025-06-19 16:53:50,168 - INFO - Early stopping triggered
2025-06-19 16:53:50,170 - INFO - Training completed!
2025-06-19 17:02:36,796 - INFO - Using device: cpu
2025-06-19 17:02:36,796 - INFO - Loading data...
2025-06-19 17:02:36,812 - INFO - Data dimensions: features=torch.Size([1000, 32]), edge_index=torch.Size([2, 1000])
2025-06-19 17:02:36,812 - INFO - Train data dimensions: edge_index=torch.Size([2, 800])
2025-06-19 17:02:36,812 - INFO - Val data dimensions: edge_index=torch.Size([2, 200])
2025-06-19 17:02:36,812 - INFO - Initializing model...
2025-06-19 17:02:36,850 - INFO - Starting training...
2025-06-19 17:02:43,762 - INFO - Epoch 1/100
2025-06-19 17:02:43,762 - INFO - Train Loss: 1.8902
2025-06-19 17:02:43,762 - INFO - Val Loss: 1.1227
2025-06-19 17:02:43,775 - INFO - Saved new best model
2025-06-19 17:02:51,899 - INFO - Epoch 2/100
2025-06-19 17:02:51,908 - INFO - Train Loss: 1.8907
2025-06-19 17:02:51,908 - INFO - Val Loss: 1.1177
2025-06-19 17:02:51,924 - INFO - Saved new best model
2025-06-19 17:02:59,083 - INFO - Epoch 3/100
2025-06-19 17:02:59,083 - INFO - Train Loss: 1.8900
2025-06-19 17:02:59,083 - INFO - Val Loss: 1.1224
2025-06-19 17:03:02,613 - INFO - Epoch 4/100
2025-06-19 17:03:02,614 - INFO - Train Loss: 1.8888
2025-06-19 17:03:02,615 - INFO - Val Loss: 1.1231
2025-06-19 17:03:06,067 - INFO - Epoch 5/100
2025-06-19 17:03:06,067 - INFO - Train Loss: 1.8885
2025-06-19 17:03:06,067 - INFO - Val Loss: 1.1201
2025-06-19 17:03:09,408 - INFO - Epoch 6/100
2025-06-19 17:03:09,408 - INFO - Train Loss: 1.8894
2025-06-19 17:03:09,408 - INFO - Val Loss: 1.1288
2025-06-19 17:03:12,441 - INFO - Epoch 7/100
2025-06-19 17:03:12,442 - INFO - Train Loss: 1.8875
2025-06-19 17:03:12,442 - INFO - Val Loss: 1.1227
2025-06-19 17:03:15,517 - INFO - Epoch 8/100
2025-06-19 17:03:15,517 - INFO - Train Loss: 1.8871
2025-06-19 17:03:15,517 - INFO - Val Loss: 1.1243
2025-06-19 17:03:18,591 - INFO - Epoch 9/100
2025-06-19 17:03:18,591 - INFO - Train Loss: 1.8878
2025-06-19 17:03:18,591 - INFO - Val Loss: 1.1164
2025-06-19 17:03:18,612 - INFO - Saved new best model
2025-06-19 17:03:21,826 - INFO - Epoch 10/100
2025-06-19 17:03:21,826 - INFO - Train Loss: 1.8875
2025-06-19 17:03:21,826 - INFO - Val Loss: 1.1256
2025-06-19 17:03:25,115 - INFO - Epoch 11/100
2025-06-19 17:03:25,116 - INFO - Train Loss: 1.8875
2025-06-19 17:03:25,116 - INFO - Val Loss: 1.1220
2025-06-19 17:03:28,326 - INFO - Epoch 12/100
2025-06-19 17:03:28,326 - INFO - Train Loss: 1.8890
2025-06-19 17:03:28,326 - INFO - Val Loss: 1.1269
2025-06-19 17:03:31,374 - INFO - Epoch 13/100
2025-06-19 17:03:31,374 - INFO - Train Loss: 1.8868
2025-06-19 17:03:31,374 - INFO - Val Loss: 1.1213
2025-06-19 17:03:34,407 - INFO - Epoch 14/100
2025-06-19 17:03:34,407 - INFO - Train Loss: 1.8887
2025-06-19 17:03:34,407 - INFO - Val Loss: 1.1243
2025-06-19 17:03:37,299 - INFO - Epoch 15/100
2025-06-19 17:03:37,301 - INFO - Train Loss: 1.8861
2025-06-19 17:03:37,301 - INFO - Val Loss: 1.1214
2025-06-19 17:03:40,209 - INFO - Epoch 16/100
2025-06-19 17:03:40,209 - INFO - Train Loss: 1.8867
2025-06-19 17:03:40,209 - INFO - Val Loss: 1.1274
2025-06-19 17:03:43,057 - INFO - Epoch 17/100
2025-06-19 17:03:43,057 - INFO - Train Loss: 1.8871
2025-06-19 17:03:43,057 - INFO - Val Loss: 1.1235
2025-06-19 17:03:46,096 - INFO - Epoch 18/100
2025-06-19 17:03:46,096 - INFO - Train Loss: 1.8876
2025-06-19 17:03:46,097 - INFO - Val Loss: 1.1253
2025-06-19 17:03:49,057 - INFO - Epoch 19/100
2025-06-19 17:03:49,057 - INFO - Train Loss: 1.8850
2025-06-19 17:03:49,057 - INFO - Val Loss: 1.1306
2025-06-19 17:03:49,057 - INFO - Early stopping triggered
2025-06-19 17:03:49,057 - INFO - Training completed!
2025-06-19 23:07:30,489 - INFO - Using device: cpu
2025-06-19 23:07:30,492 - INFO - Loading data...
2025-06-19 23:07:30,526 - INFO - Creating sophisticated graph structure...
2025-06-19 23:07:30,526 - INFO - Available engagement features: 10
2025-06-19 23:07:30,526 - INFO - Available health features: 1
2025-06-19 23:07:30,951 - INFO - Sophisticated graph created:
2025-06-19 23:07:30,951 - INFO -   - Node features: torch.Size([1011, 11])
2025-06-19 23:07:30,951 - INFO -   - Edge index: torch.Size([2, 2200])
2025-06-19 23:07:30,974 - INFO -   - Edge types: 4
2025-06-19 23:07:30,974 - INFO -   - Edge weights: torch.Size([2200])
2025-06-19 23:07:30,980 - INFO - Data loaded successfully with sophisticated graph structure
2025-06-19 23:07:31,001 - INFO - Train data - edges: 1760, types: 4
2025-06-19 23:07:31,004 - INFO - Val data - edges: 440, types: 2
2025-06-19 23:07:31,004 - INFO - Initializing model...
2025-06-19 23:07:31,019 - INFO - Model parameters: users=1000, segments=6, nudges=5, features=11
2025-06-19 23:07:31,178 - INFO - Starting training...
2025-06-19 23:10:00,216 - INFO - Using device: cpu
2025-06-19 23:10:00,216 - INFO - Loading data...
2025-06-19 23:10:00,269 - INFO - Creating sophisticated graph structure...
2025-06-19 23:10:00,271 - INFO - Available engagement features: 10
2025-06-19 23:10:00,271 - INFO - Available health features: 1
2025-06-19 23:10:00,764 - INFO - Sophisticated graph created:
2025-06-19 23:10:00,764 - INFO -   - Node features: torch.Size([1011, 11])
2025-06-19 23:10:00,764 - INFO -   - Edge index: torch.Size([2, 2200])
2025-06-19 23:10:00,764 - INFO -   - Edge types: 4
2025-06-19 23:10:00,764 - INFO -   - Edge weights: torch.Size([2200])
2025-06-19 23:10:00,764 - INFO - Data loaded successfully with sophisticated graph structure
2025-06-19 23:10:00,780 - INFO - Train data - edges: 1760, types: 4
2025-06-19 23:10:00,785 - INFO - Val data - edges: 440, types: 4
2025-06-19 23:10:00,786 - INFO - Initializing model...
2025-06-19 23:10:00,788 - INFO - Model parameters: users=1000, segments=6, nudges=5, features=11
2025-06-19 23:10:00,919 - INFO - Starting training...
2025-06-19 23:12:06,746 - INFO - Using device: cpu
2025-06-19 23:12:06,746 - INFO - Loading data...
2025-06-19 23:12:06,789 - INFO - Creating sophisticated graph structure...
2025-06-19 23:12:06,789 - INFO - Available engagement features: 10
2025-06-19 23:12:06,796 - INFO - Available health features: 1
2025-06-19 23:12:07,150 - INFO - Sophisticated graph created:
2025-06-19 23:12:07,150 - INFO -   - Node features: torch.Size([1011, 11])
2025-06-19 23:12:07,150 - INFO -   - Edge index: torch.Size([2, 2200])
2025-06-19 23:12:07,165 - INFO -   - Edge types: 4
2025-06-19 23:12:07,165 - INFO -   - Edge weights: torch.Size([2200])
2025-06-19 23:12:07,165 - INFO - Data loaded successfully with sophisticated graph structure
2025-06-19 23:12:07,186 - INFO - Train data - edges: 1760, types: 4
2025-06-19 23:12:07,186 - INFO - Val data - edges: 440, types: 4
2025-06-19 23:12:07,186 - INFO - Initializing model...
2025-06-19 23:12:07,186 - INFO - Model parameters: users=1000, segments=6, nudges=5, features=11
2025-06-19 23:12:07,308 - INFO - Starting training...
2025-06-19 23:13:42,788 - INFO - Using device: cpu
2025-06-19 23:13:42,792 - INFO - Loading data...
2025-06-19 23:13:42,852 - INFO - Creating sophisticated graph structure...
2025-06-19 23:13:42,852 - INFO - Available engagement features: 10
2025-06-19 23:13:42,852 - INFO - Available health features: 1
2025-06-19 23:13:43,431 - INFO - Sophisticated graph created:
2025-06-19 23:13:43,431 - INFO -   - Node features: torch.Size([1011, 11])
2025-06-19 23:13:43,431 - INFO -   - Edge index: torch.Size([2, 2200])
2025-06-19 23:13:43,431 - INFO -   - Edge types: 4
2025-06-19 23:13:43,431 - INFO -   - Edge weights: torch.Size([2200])
2025-06-19 23:13:43,431 - INFO - Data loaded successfully with sophisticated graph structure
2025-06-19 23:13:43,447 - INFO - Train data - edges: 1760, types: 4
2025-06-19 23:13:43,452 - INFO - Val data - edges: 440, types: 4
2025-06-19 23:13:43,455 - INFO - Initializing model...
2025-06-19 23:13:43,457 - INFO - Model parameters: users=1000, segments=6, nudges=5, features=11
2025-06-19 23:13:43,702 - INFO - Starting training...
2025-06-19 23:13:44,051 - INFO - Epoch 1/5
2025-06-19 23:13:44,051 - INFO - Train Loss: 3.4065
2025-06-19 23:13:44,058 - INFO - Val Loss: 3.4045
2025-06-19 23:13:44,076 - INFO - Saved new best model
2025-06-19 23:13:44,350 - INFO - Epoch 2/5
2025-06-19 23:13:44,350 - INFO - Train Loss: 3.4038
2025-06-19 23:13:44,356 - INFO - Val Loss: 3.4012
2025-06-19 23:13:44,382 - INFO - Saved new best model
2025-06-19 23:13:44,657 - INFO - Epoch 3/5
2025-06-19 23:13:44,657 - INFO - Train Loss: 3.4008
2025-06-19 23:13:44,657 - INFO - Val Loss: 3.4015
2025-06-19 23:13:44,901 - INFO - Epoch 4/5
2025-06-19 23:13:44,901 - INFO - Train Loss: 3.4043
2025-06-19 23:13:44,901 - INFO - Val Loss: 3.4018
2025-06-19 23:13:45,113 - INFO - Epoch 5/5
2025-06-19 23:13:45,113 - INFO - Train Loss: 3.4006
2025-06-19 23:13:45,124 - INFO - Val Loss: 3.4019
2025-06-19 23:13:45,125 - INFO - Training completed!
2025-06-19 23:15:03,772 - INFO - Using device: cpu
2025-06-19 23:15:03,772 - INFO - Loading data...
2025-06-19 23:15:03,817 - INFO - Creating sophisticated graph structure...
2025-06-19 23:15:03,821 - INFO - Available engagement features: 10
2025-06-19 23:15:03,821 - INFO - Available health features: 1
2025-06-19 23:15:04,163 - INFO - Sophisticated graph created:
2025-06-19 23:15:04,163 - INFO -   - Node features: torch.Size([1011, 11])
2025-06-19 23:15:04,168 - INFO -   - Edge index: torch.Size([2, 2200])
2025-06-19 23:15:04,179 - INFO -   - Edge types: 4
2025-06-19 23:15:04,181 - INFO -   - Edge weights: torch.Size([2200])
2025-06-19 23:15:04,182 - INFO - Data loaded successfully with sophisticated graph structure
2025-06-19 23:15:04,196 - INFO - Train data - edges: 1760, types: 4
2025-06-19 23:15:04,196 - INFO - Val data - edges: 440, types: 4
2025-06-19 23:15:04,199 - INFO - Initializing model...
2025-06-19 23:15:04,202 - INFO - Model parameters: users=1000, segments=6, nudges=5, features=11
2025-06-19 23:15:04,331 - INFO - Starting training...
2025-06-19 23:15:04,623 - INFO - Epoch 1/30
2025-06-19 23:15:04,627 - INFO - Train Loss: 3.4110
2025-06-19 23:15:04,627 - INFO - Val Loss: 3.4051
2025-06-19 23:15:04,645 - INFO - Saved new best model
2025-06-19 23:15:04,832 - INFO - Epoch 2/30
2025-06-19 23:15:04,843 - INFO - Train Loss: 3.4057
2025-06-19 23:15:04,843 - INFO - Val Loss: 3.4043
2025-06-19 23:15:04,851 - INFO - Saved new best model
2025-06-19 23:15:05,032 - INFO - Epoch 3/30
2025-06-19 23:15:05,032 - INFO - Train Loss: 3.4039
2025-06-19 23:15:05,034 - INFO - Val Loss: 3.4038
2025-06-19 23:15:05,037 - INFO - Saved new best model
2025-06-19 23:15:05,238 - INFO - Epoch 4/30
2025-06-19 23:15:05,238 - INFO - Train Loss: 3.4035
2025-06-19 23:15:05,238 - INFO - Val Loss: 3.4012
2025-06-19 23:15:05,253 - INFO - Saved new best model
2025-06-19 23:15:05,420 - INFO - Epoch 5/30
2025-06-19 23:15:05,420 - INFO - Train Loss: 3.4037
2025-06-19 23:15:05,420 - INFO - Val Loss: 3.4036
2025-06-19 23:15:05,588 - INFO - Epoch 6/30
2025-06-19 23:15:05,588 - INFO - Train Loss: 3.3992
2025-06-19 23:15:05,588 - INFO - Val Loss: 3.4016
2025-06-19 23:15:05,783 - INFO - Epoch 7/30
2025-06-19 23:15:05,783 - INFO - Train Loss: 3.4026
2025-06-19 23:15:05,783 - INFO - Val Loss: 3.4037
2025-06-19 23:15:05,960 - INFO - Epoch 8/30
2025-06-19 23:15:05,960 - INFO - Train Loss: 3.4017
2025-06-19 23:15:05,960 - INFO - Val Loss: 3.4009
2025-06-19 23:15:05,978 - INFO - Saved new best model
2025-06-19 23:15:06,209 - INFO - Epoch 9/30
2025-06-19 23:15:06,209 - INFO - Train Loss: 3.4032
2025-06-19 23:15:06,209 - INFO - Val Loss: 3.4020
2025-06-19 23:15:06,378 - INFO - Epoch 10/30
2025-06-19 23:15:06,378 - INFO - Train Loss: 3.4012
2025-06-19 23:15:06,378 - INFO - Val Loss: 3.4029
2025-06-19 23:15:06,554 - INFO - Epoch 11/30
2025-06-19 23:15:06,554 - INFO - Train Loss: 3.3990
2025-06-19 23:15:06,554 - INFO - Val Loss: 3.4026
2025-06-19 23:15:06,733 - INFO - Epoch 12/30
2025-06-19 23:15:06,735 - INFO - Train Loss: 3.4058
2025-06-19 23:15:06,735 - INFO - Val Loss: 3.4052
2025-06-19 23:15:06,910 - INFO - Epoch 13/30
2025-06-19 23:15:06,910 - INFO - Train Loss: 3.4070
2025-06-19 23:15:06,910 - INFO - Val Loss: 3.4039
2025-06-19 23:15:07,083 - INFO - Epoch 14/30
2025-06-19 23:15:07,083 - INFO - Train Loss: 3.4064
2025-06-19 23:15:07,083 - INFO - Val Loss: 3.4029
2025-06-19 23:15:07,269 - INFO - Epoch 15/30
2025-06-19 23:15:07,269 - INFO - Train Loss: 3.4028
2025-06-19 23:15:07,269 - INFO - Val Loss: 3.4017
2025-06-19 23:15:07,466 - INFO - Epoch 16/30
2025-06-19 23:15:07,466 - INFO - Train Loss: 3.4040
2025-06-19 23:15:07,466 - INFO - Val Loss: 3.4042
2025-06-19 23:15:07,645 - INFO - Epoch 17/30
2025-06-19 23:15:07,645 - INFO - Train Loss: 3.4012
2025-06-19 23:15:07,645 - INFO - Val Loss: 3.4026
2025-06-19 23:15:07,829 - INFO - Epoch 18/30
2025-06-19 23:15:07,829 - INFO - Train Loss: 3.4048
2025-06-19 23:15:07,829 - INFO - Val Loss: 3.4014
2025-06-19 23:15:07,829 - INFO - Early stopping triggered
2025-06-19 23:15:07,829 - INFO - Training completed!
